<?xml version="1.0" encoding="UTF-8"?>
<testng-results ignored="0" total="26" passed="26" failed="0" skipped="0">
  <reporter-output>
  </reporter-output>
  <suite started-at="2024-01-29T18:18:26 IST" name="MoviesAppTestSuite" finished-at="2024-01-29T18:25:29 IST" duration-ms="423365">
    <groups>
    </groups>
    <test started-at="2024-01-29T18:18:26 IST" name="LoginAndHomePageTest" finished-at="2024-01-29T18:25:29 IST" duration-ms="423365">
      <class name="SearchPageTest">
        <test-method is-config="true" signature="setUp()[pri:0, instance:SearchPageTest@ea6147e]" started-at="2024-01-29T18:23:02 IST" name="setUp" finished-at="2024-01-29T18:23:28 IST" duration-ms="26592" status="PASS">
          <reporter-output>
          </reporter-output>
        </test-method> <!-- setUp -->
        <test-method signature="testSearchFunctionality(java.lang.String,int)[pri:1, instance:SearchPageTest@ea6147e]" started-at="2024-01-29T18:23:28 IST" name="testSearchFunctionality" data-provider="MoviesData" finished-at="2024-01-29T18:23:31 IST" duration-ms="2086" status="PASS">
          <params>
            <param index="0">
              <value>
                <![CDATA[Spider-Man]]>
              </value>
            </param>
            <param index="1">
              <value>
                <![CDATA[3]]>
              </value>
            </param>
          </params>
          <reporter-output>
          </reporter-output>
        </test-method> <!-- testSearchFunctionality -->
        <test-method is-config="true" signature="tearDown()[pri:0, instance:SearchPageTest@ea6147e]" started-at="2024-01-29T18:23:31 IST" name="tearDown" finished-at="2024-01-29T18:23:32 IST" duration-ms="1507" status="PASS">
          <reporter-output>
          </reporter-output>
        </test-method> <!-- tearDown -->
        <test-method is-config="true" signature="setUp()[pri:0, instance:SearchPageTest@ea6147e]" started-at="2024-01-29T18:23:32 IST" name="setUp" finished-at="2024-01-29T18:23:54 IST" duration-ms="21967" status="PASS">
          <reporter-output>
          </reporter-output>
        </test-method> <!-- setUp -->
        <test-method signature="testSearchFunctionality(java.lang.String,int)[pri:1, instance:SearchPageTest@ea6147e]" started-at="2024-01-29T18:23:54 IST" name="testSearchFunctionality" data-provider="MoviesData" finished-at="2024-01-29T18:23:57 IST" duration-ms="2482" status="PASS">
          <params>
            <param index="0">
              <value>
                <![CDATA[Venom]]>
              </value>
            </param>
            <param index="1">
              <value>
                <![CDATA[2]]>
              </value>
            </param>
          </params>
          <reporter-output>
          </reporter-output>
        </test-method> <!-- testSearchFunctionality -->
        <test-method is-config="true" signature="tearDown()[pri:0, instance:SearchPageTest@ea6147e]" started-at="2024-01-29T18:23:57 IST" name="tearDown" finished-at="2024-01-29T18:24:02 IST" duration-ms="5905" status="PASS">
          <reporter-output>
          </reporter-output>
        </test-method> <!-- tearDown -->
        <test-method is-config="true" signature="setUp()[pri:0, instance:SearchPageTest@ea6147e]" started-at="2024-01-29T18:24:02 IST" name="setUp" finished-at="2024-01-29T18:24:17 IST" duration-ms="14156" status="PASS">
          <reporter-output>
          </reporter-output>
        </test-method> <!-- setUp -->
        <test-method signature="testSearchFunctionality(java.lang.String,int)[pri:1, instance:SearchPageTest@ea6147e]" started-at="2024-01-29T18:24:17 IST" name="testSearchFunctionality" data-provider="MoviesData" finished-at="2024-01-29T18:24:19 IST" duration-ms="2744" status="PASS">
          <params>
            <param index="0">
              <value>
                <![CDATA[Godzilla]]>
              </value>
            </param>
            <param index="1">
              <value>
                <![CDATA[2]]>
              </value>
            </param>
          </params>
          <reporter-output>
          </reporter-output>
        </test-method> <!-- testSearchFunctionality -->
        <test-method is-config="true" signature="tearDown()[pri:0, instance:SearchPageTest@ea6147e]" started-at="2024-01-29T18:24:19 IST" name="tearDown" finished-at="2024-01-29T18:24:21 IST" duration-ms="2078" status="PASS">
          <reporter-output>
          </reporter-output>
        </test-method> <!-- tearDown -->
        <test-method is-config="true" signature="setUp()[pri:0, instance:SearchPageTest@ea6147e]" started-at="2024-01-29T18:24:21 IST" name="setUp" finished-at="2024-01-29T18:24:40 IST" duration-ms="19005" status="PASS">
          <reporter-output>
          </reporter-output>
        </test-method> <!-- setUp -->
        <test-method signature="testSearchFunctionality(java.lang.String,int)[pri:1, instance:SearchPageTest@ea6147e]" started-at="2024-01-29T18:24:40 IST" name="testSearchFunctionality" data-provider="MoviesData" finished-at="2024-01-29T18:24:42 IST" duration-ms="1989" status="PASS">
          <params>
            <param index="0">
              <value>
                <![CDATA[Avatar]]>
              </value>
            </param>
            <param index="1">
              <value>
                <![CDATA[1]]>
              </value>
            </param>
          </params>
          <reporter-output>
          </reporter-output>
        </test-method> <!-- testSearchFunctionality -->
        <test-method is-config="true" signature="tearDown()[pri:0, instance:SearchPageTest@ea6147e]" started-at="2024-01-29T18:24:42 IST" name="tearDown" finished-at="2024-01-29T18:24:43 IST" duration-ms="448" status="PASS">
          <reporter-output>
          </reporter-output>
        </test-method> <!-- tearDown -->
        <test-method is-config="true" signature="setUp()[pri:0, instance:SearchPageTest@ea6147e]" started-at="2024-01-29T18:24:43 IST" name="setUp" finished-at="2024-01-29T18:25:10 IST" duration-ms="27267" status="PASS">
          <reporter-output>
          </reporter-output>
        </test-method> <!-- setUp -->
        <test-method signature="testSearchFunctionality(java.lang.String,int)[pri:1, instance:SearchPageTest@ea6147e]" started-at="2024-01-29T18:25:10 IST" name="testSearchFunctionality" data-provider="MoviesData" finished-at="2024-01-29T18:25:13 IST" duration-ms="2476" status="PASS">
          <params>
            <param index="0">
              <value>
                <![CDATA[Space Jam]]>
              </value>
            </param>
            <param index="1">
              <value>
                <![CDATA[1]]>
              </value>
            </param>
          </params>
          <reporter-output>
          </reporter-output>
        </test-method> <!-- testSearchFunctionality -->
        <test-method is-config="true" signature="tearDown()[pri:0, instance:SearchPageTest@ea6147e]" started-at="2024-01-29T18:25:13 IST" name="tearDown" finished-at="2024-01-29T18:25:13 IST" duration-ms="423" status="PASS">
          <reporter-output>
          </reporter-output>
        </test-method> <!-- tearDown -->
        <test-method is-config="true" signature="setUp()[pri:0, instance:SearchPageTest@ea6147e]" started-at="2024-01-29T18:25:13 IST" name="setUp" finished-at="2024-01-29T18:25:26 IST" duration-ms="12479" status="PASS">
          <reporter-output>
          </reporter-output>
        </test-method> <!-- setUp -->
        <test-method signature="testMoviesNotFound()[pri:2, instance:SearchPageTest@ea6147e]" started-at="2024-01-29T18:25:26 IST" name="testMoviesNotFound" finished-at="2024-01-29T18:25:28 IST" duration-ms="2651" status="PASS">
          <reporter-output>
          </reporter-output>
        </test-method> <!-- testMoviesNotFound -->
        <test-method is-config="true" signature="tearDown()[pri:0, instance:SearchPageTest@ea6147e]" started-at="2024-01-29T18:25:28 IST" name="tearDown" finished-at="2024-01-29T18:25:29 IST" duration-ms="1322" status="PASS">
          <reporter-output>
          </reporter-output>
        </test-method> <!-- tearDown -->
      </class> <!-- SearchPageTest -->
      <class name="MovieDetailsPageTest">
        <test-method is-config="true" signature="setUp()[pri:0, instance:MovieDetailsPageTest@4d02f94e]" started-at="2024-01-29T18:22:09 IST" name="setUp" finished-at="2024-01-29T18:22:31 IST" duration-ms="21855" status="PASS">
          <reporter-output>
          </reporter-output>
        </test-method> <!-- setUp -->
        <test-method signature="testMovieDetailsHomePage()[pri:1, instance:MovieDetailsPageTest@4d02f94e]" started-at="2024-01-29T18:22:31 IST" name="testMovieDetailsHomePage" finished-at="2024-01-29T18:22:37 IST" duration-ms="6382" status="PASS">
          <reporter-output>
          </reporter-output>
        </test-method> <!-- testMovieDetailsHomePage -->
        <test-method is-config="true" signature="tearDown()[pri:0, instance:MovieDetailsPageTest@4d02f94e]" started-at="2024-01-29T18:22:37 IST" name="tearDown" finished-at="2024-01-29T18:22:40 IST" duration-ms="2950" status="PASS">
          <reporter-output>
          </reporter-output>
        </test-method> <!-- tearDown -->
        <test-method is-config="true" signature="setUp()[pri:0, instance:MovieDetailsPageTest@4d02f94e]" started-at="2024-01-29T18:22:40 IST" name="setUp" finished-at="2024-01-29T18:23:00 IST" duration-ms="19277" status="PASS">
          <reporter-output>
          </reporter-output>
        </test-method> <!-- setUp -->
        <test-method signature="testMovieDetailsPopularPage()[pri:2, instance:MovieDetailsPageTest@4d02f94e]" started-at="2024-01-29T18:23:00 IST" name="testMovieDetailsPopularPage" finished-at="2024-01-29T18:23:09 IST" duration-ms="9143" status="PASS">
          <reporter-output>
          </reporter-output>
        </test-method> <!-- testMovieDetailsPopularPage -->
        <test-method is-config="true" signature="tearDown()[pri:0, instance:MovieDetailsPageTest@4d02f94e]" started-at="2024-01-29T18:23:09 IST" name="tearDown" finished-at="2024-01-29T18:23:10 IST" duration-ms="1757" status="PASS">
          <reporter-output>
          </reporter-output>
        </test-method> <!-- tearDown -->
      </class> <!-- MovieDetailsPageTest -->
      <class name="LoginPageTest">
        <test-method is-config="true" signature="setUp()[pri:0, instance:LoginPageTest@3e6ef8ad]" started-at="2024-01-29T18:23:10 IST" name="setUp" finished-at="2024-01-29T18:23:26 IST" duration-ms="15177" status="PASS">
          <reporter-output>
          </reporter-output>
        </test-method> <!-- setUp -->
        <test-method signature="testloginPageUI()[pri:1, instance:LoginPageTest@3e6ef8ad]" started-at="2024-01-29T18:23:26 IST" name="testloginPageUI" finished-at="2024-01-29T18:23:26 IST" duration-ms="229" status="PASS">
          <reporter-output>
          </reporter-output>
        </test-method> <!-- testloginPageUI -->
        <test-method is-config="true" signature="tearDown()[pri:0, instance:LoginPageTest@3e6ef8ad]" started-at="2024-01-29T18:23:26 IST" name="tearDown" finished-at="2024-01-29T18:23:30 IST" duration-ms="4037" status="PASS">
          <reporter-output>
          </reporter-output>
        </test-method> <!-- tearDown -->
        <test-method is-config="true" signature="setUp()[pri:0, instance:LoginPageTest@3e6ef8ad]" started-at="2024-01-29T18:23:30 IST" name="setUp" finished-at="2024-01-29T18:23:45 IST" duration-ms="14722" status="PASS">
          <reporter-output>
          </reporter-output>
        </test-method> <!-- setUp -->
        <test-method signature="testLoginWithEmptyInputs()[pri:2, instance:LoginPageTest@3e6ef8ad]" started-at="2024-01-29T18:23:45 IST" name="testLoginWithEmptyInputs" finished-at="2024-01-29T18:23:45 IST" duration-ms="829" status="PASS">
          <reporter-output>
          </reporter-output>
        </test-method> <!-- testLoginWithEmptyInputs -->
        <test-method is-config="true" signature="tearDown()[pri:0, instance:LoginPageTest@3e6ef8ad]" started-at="2024-01-29T18:23:45 IST" name="tearDown" finished-at="2024-01-29T18:23:49 IST" duration-ms="3725" status="PASS">
          <reporter-output>
          </reporter-output>
        </test-method> <!-- tearDown -->
        <test-method is-config="true" signature="setUp()[pri:0, instance:LoginPageTest@3e6ef8ad]" started-at="2024-01-29T18:23:49 IST" name="setUp" finished-at="2024-01-29T18:23:59 IST" duration-ms="9662" status="PASS">
          <reporter-output>
          </reporter-output>
        </test-method> <!-- setUp -->
        <test-method signature="testLoginWithEmptyUserName()[pri:3, instance:LoginPageTest@3e6ef8ad]" started-at="2024-01-29T18:23:59 IST" name="testLoginWithEmptyUserName" finished-at="2024-01-29T18:24:02 IST" duration-ms="3067" status="PASS">
          <reporter-output>
          </reporter-output>
        </test-method> <!-- testLoginWithEmptyUserName -->
        <test-method is-config="true" signature="tearDown()[pri:0, instance:LoginPageTest@3e6ef8ad]" started-at="2024-01-29T18:24:02 IST" name="tearDown" finished-at="2024-01-29T18:24:03 IST" duration-ms="1012" status="PASS">
          <reporter-output>
          </reporter-output>
        </test-method> <!-- tearDown -->
        <test-method is-config="true" signature="setUp()[pri:0, instance:LoginPageTest@3e6ef8ad]" started-at="2024-01-29T18:24:03 IST" name="setUp" finished-at="2024-01-29T18:24:16 IST" duration-ms="13212" status="PASS">
          <reporter-output>
          </reporter-output>
        </test-method> <!-- setUp -->
        <test-method signature="testLoginWithEmptyPassword()[pri:4, instance:LoginPageTest@3e6ef8ad]" started-at="2024-01-29T18:24:16 IST" name="testLoginWithEmptyPassword" finished-at="2024-01-29T18:24:17 IST" duration-ms="1272" status="PASS">
          <reporter-output>
          </reporter-output>
        </test-method> <!-- testLoginWithEmptyPassword -->
        <test-method is-config="true" signature="tearDown()[pri:0, instance:LoginPageTest@3e6ef8ad]" started-at="2024-01-29T18:24:17 IST" name="tearDown" finished-at="2024-01-29T18:24:21 IST" duration-ms="3548" status="PASS">
          <reporter-output>
          </reporter-output>
        </test-method> <!-- tearDown -->
        <test-method is-config="true" signature="setUp()[pri:0, instance:LoginPageTest@3e6ef8ad]" started-at="2024-01-29T18:24:21 IST" name="setUp" finished-at="2024-01-29T18:24:35 IST" duration-ms="13889" status="PASS">
          <reporter-output>
          </reporter-output>
        </test-method> <!-- setUp -->
        <test-method signature="testLoginWithInvalidCredentials()[pri:5, instance:LoginPageTest@3e6ef8ad]" started-at="2024-01-29T18:24:35 IST" name="testLoginWithInvalidCredentials" finished-at="2024-01-29T18:24:39 IST" duration-ms="4030" status="PASS">
          <reporter-output>
          </reporter-output>
        </test-method> <!-- testLoginWithInvalidCredentials -->
        <test-method is-config="true" signature="tearDown()[pri:0, instance:LoginPageTest@3e6ef8ad]" started-at="2024-01-29T18:24:39 IST" name="tearDown" finished-at="2024-01-29T18:24:42 IST" duration-ms="3226" status="PASS">
          <reporter-output>
          </reporter-output>
        </test-method> <!-- tearDown -->
        <test-method is-config="true" signature="setUp()[pri:0, instance:LoginPageTest@3e6ef8ad]" started-at="2024-01-29T18:24:42 IST" name="setUp" finished-at="2024-01-29T18:25:00 IST" duration-ms="17872" status="PASS">
          <reporter-output>
          </reporter-output>
        </test-method> <!-- setUp -->
        <test-method signature="testLoginWithValidCredentials()[pri:6, instance:LoginPageTest@3e6ef8ad]" started-at="2024-01-29T18:25:00 IST" name="testLoginWithValidCredentials" finished-at="2024-01-29T18:25:04 IST" duration-ms="3798" status="PASS">
          <reporter-output>
          </reporter-output>
        </test-method> <!-- testLoginWithValidCredentials -->
        <test-method is-config="true" signature="tearDown()[pri:0, instance:LoginPageTest@3e6ef8ad]" started-at="2024-01-29T18:25:04 IST" name="tearDown" finished-at="2024-01-29T18:25:07 IST" duration-ms="2973" status="PASS">
          <reporter-output>
          </reporter-output>
        </test-method> <!-- tearDown -->
      </class> <!-- LoginPageTest -->
      <class name="AccountPageTest">
        <test-method is-config="true" signature="setUp()[pri:0, instance:AccountPageTest@2b48a640]" started-at="2024-01-29T18:19:56 IST" name="setUp" finished-at="2024-01-29T18:20:43 IST" duration-ms="47390" status="PASS">
          <reporter-output>
          </reporter-output>
        </test-method> <!-- setUp -->
        <test-method signature="testAccountPageUI()[pri:1, instance:AccountPageTest@2b48a640]" started-at="2024-01-29T18:20:43 IST" name="testAccountPageUI" finished-at="2024-01-29T18:20:44 IST" duration-ms="1023" status="PASS">
          <reporter-output>
          </reporter-output>
        </test-method> <!-- testAccountPageUI -->
        <test-method is-config="true" signature="tearDown()[pri:0, instance:AccountPageTest@2b48a640]" started-at="2024-01-29T18:20:44 IST" name="tearDown" finished-at="2024-01-29T18:20:48 IST" duration-ms="3285" status="PASS">
          <reporter-output>
          </reporter-output>
        </test-method> <!-- tearDown -->
        <test-method is-config="true" signature="setUp()[pri:0, instance:AccountPageTest@2b48a640]" started-at="2024-01-29T18:20:48 IST" name="setUp" finished-at="2024-01-29T18:21:18 IST" duration-ms="30415" status="PASS">
          <reporter-output>
          </reporter-output>
        </test-method> <!-- setUp -->
        <test-method signature="testLogoutBtnFunctionality()[pri:2, instance:AccountPageTest@2b48a640]" started-at="2024-01-29T18:21:18 IST" name="testLogoutBtnFunctionality" finished-at="2024-01-29T18:21:19 IST" duration-ms="667" status="PASS">
          <reporter-output>
          </reporter-output>
        </test-method> <!-- testLogoutBtnFunctionality -->
        <test-method is-config="true" signature="tearDown()[pri:0, instance:AccountPageTest@2b48a640]" started-at="2024-01-29T18:21:19 IST" name="tearDown" finished-at="2024-01-29T18:21:21 IST" duration-ms="2512" status="PASS">
          <reporter-output>
          </reporter-output>
        </test-method> <!-- tearDown -->
      </class> <!-- AccountPageTest -->
      <class name="PopularPageTest">
        <test-method is-config="true" signature="setUp()[pri:0, instance:PopularPageTest@3fb1549b]" started-at="2024-01-29T18:18:26 IST" name="setUp" finished-at="2024-01-29T18:19:44 IST" duration-ms="77185" status="PASS">
          <reporter-output>
          </reporter-output>
        </test-method> <!-- setUp -->
        <test-method signature="testPopularPageUI()[pri:0, instance:PopularPageTest@3fb1549b]" started-at="2024-01-29T18:19:44 IST" name="testPopularPageUI" finished-at="2024-01-29T18:19:45 IST" duration-ms="1123" status="PASS">
          <reporter-output>
          </reporter-output>
        </test-method> <!-- testPopularPageUI -->
        <test-method is-config="true" signature="tearDown()[pri:0, instance:PopularPageTest@3fb1549b]" started-at="2024-01-29T18:19:45 IST" name="tearDown" finished-at="2024-01-29T18:19:56 IST" duration-ms="11372" status="PASS">
          <reporter-output>
          </reporter-output>
        </test-method> <!-- tearDown -->
      </class> <!-- PopularPageTest -->
      <class name="HomePageTest">
        <test-method is-config="true" signature="setUp()[pri:0, instance:HomePageTest@24fcf36f]" started-at="2024-01-29T18:21:21 IST" name="setUp" finished-at="2024-01-29T18:21:42 IST" duration-ms="21017" status="PASS">
          <reporter-output>
          </reporter-output>
        </test-method> <!-- setUp -->
        <test-method signature="testHeadingTexts()[pri:1, instance:HomePageTest@24fcf36f]" started-at="2024-01-29T18:21:42 IST" name="testHeadingTexts" finished-at="2024-01-29T18:21:43 IST" duration-ms="246" status="PASS">
          <reporter-output>
          </reporter-output>
        </test-method> <!-- testHeadingTexts -->
        <test-method is-config="true" signature="tearDown()[pri:0, instance:HomePageTest@24fcf36f]" started-at="2024-01-29T18:21:43 IST" name="tearDown" finished-at="2024-01-29T18:21:47 IST" duration-ms="4756" status="PASS">
          <reporter-output>
          </reporter-output>
        </test-method> <!-- tearDown -->
        <test-method is-config="true" signature="setUp()[pri:0, instance:HomePageTest@24fcf36f]" started-at="2024-01-29T18:21:47 IST" name="setUp" finished-at="2024-01-29T18:22:03 IST" duration-ms="15463" status="PASS">
          <reporter-output>
          </reporter-output>
        </test-method> <!-- setUp -->
        <test-method signature="testPlayButton()[pri:2, instance:HomePageTest@24fcf36f]" started-at="2024-01-29T18:22:03 IST" name="testPlayButton" finished-at="2024-01-29T18:22:04 IST" duration-ms="1482" status="PASS">
          <reporter-output>
          </reporter-output>
        </test-method> <!-- testPlayButton -->
        <test-method is-config="true" signature="tearDown()[pri:0, instance:HomePageTest@24fcf36f]" started-at="2024-01-29T18:22:04 IST" name="tearDown" finished-at="2024-01-29T18:22:09 IST" duration-ms="4437" status="PASS">
          <reporter-output>
          </reporter-output>
        </test-method> <!-- tearDown -->
        <test-method is-config="true" signature="setUp()[pri:0, instance:HomePageTest@24fcf36f]" started-at="2024-01-29T18:22:09 IST" name="setUp" finished-at="2024-01-29T18:22:31 IST" duration-ms="22653" status="PASS">
          <reporter-output>
          </reporter-output>
        </test-method> <!-- setUp -->
        <test-method signature="testMoviesDisplay()[pri:3, instance:HomePageTest@24fcf36f]" started-at="2024-01-29T18:22:31 IST" name="testMoviesDisplay" finished-at="2024-01-29T18:22:42 IST" duration-ms="10643" status="PASS">
          <reporter-output>
          </reporter-output>
        </test-method> <!-- testMoviesDisplay -->
        <test-method is-config="true" signature="tearDown()[pri:0, instance:HomePageTest@24fcf36f]" started-at="2024-01-29T18:22:42 IST" name="tearDown" finished-at="2024-01-29T18:22:45 IST" duration-ms="3261" status="PASS">
          <reporter-output>
          </reporter-output>
        </test-method> <!-- tearDown -->
        <test-method is-config="true" signature="setUp()[pri:0, instance:HomePageTest@24fcf36f]" started-at="2024-01-29T18:22:45 IST" name="setUp" finished-at="2024-01-29T18:23:00 IST" duration-ms="14163" status="PASS">
          <reporter-output>
          </reporter-output>
        </test-method> <!-- setUp -->
        <test-method signature="testContactSection()[pri:4, instance:HomePageTest@24fcf36f]" started-at="2024-01-29T18:23:00 IST" name="testContactSection" finished-at="2024-01-29T18:23:00 IST" duration-ms="365" status="PASS">
          <reporter-output>
          </reporter-output>
        </test-method> <!-- testContactSection -->
        <test-method is-config="true" signature="tearDown()[pri:0, instance:HomePageTest@24fcf36f]" started-at="2024-01-29T18:23:00 IST" name="tearDown" finished-at="2024-01-29T18:23:02 IST" duration-ms="2024" status="PASS">
          <reporter-output>
          </reporter-output>
        </test-method> <!-- tearDown -->
      </class> <!-- HomePageTest -->
      <class name="HeaderSectionTest">
        <test-method is-config="true" signature="setUp()[pri:0, instance:HeaderSectionTest@10feca44]" started-at="2024-01-29T18:18:26 IST" name="setUp" finished-at="2024-01-29T18:19:42 IST" duration-ms="75878" status="PASS">
          <reporter-output>
          </reporter-output>
        </test-method> <!-- setUp -->
        <test-method signature="checkHeaderSectionUI()[pri:1, instance:HeaderSectionTest@10feca44]" started-at="2024-01-29T18:19:42 IST" name="checkHeaderSectionUI" finished-at="2024-01-29T18:19:43 IST" duration-ms="960" status="PASS">
          <reporter-output>
          </reporter-output>
        </test-method> <!-- checkHeaderSectionUI -->
        <test-method is-config="true" signature="tearDown()[pri:0, instance:HeaderSectionTest@10feca44]" started-at="2024-01-29T18:19:43 IST" name="tearDown" finished-at="2024-01-29T18:19:56 IST" duration-ms="12898" status="PASS">
          <reporter-output>
          </reporter-output>
        </test-method> <!-- tearDown -->
        <test-method is-config="true" signature="setUp()[pri:0, instance:HeaderSectionTest@10feca44]" started-at="2024-01-29T18:19:56 IST" name="setUp" finished-at="2024-01-29T18:20:42 IST" duration-ms="46081" status="PASS">
          <reporter-output>
          </reporter-output>
        </test-method> <!-- setUp -->
        <test-method signature="testNavigationToPopularPage()[pri:2, instance:HeaderSectionTest@10feca44]" started-at="2024-01-29T18:20:42 IST" name="testNavigationToPopularPage" finished-at="2024-01-29T18:20:43 IST" duration-ms="456" status="PASS">
          <reporter-output>
          </reporter-output>
        </test-method> <!-- testNavigationToPopularPage -->
        <test-method is-config="true" signature="tearDown()[pri:0, instance:HeaderSectionTest@10feca44]" started-at="2024-01-29T18:20:43 IST" name="tearDown" finished-at="2024-01-29T18:20:48 IST" duration-ms="5062" status="PASS">
          <reporter-output>
          </reporter-output>
        </test-method> <!-- tearDown -->
        <test-method is-config="true" signature="setUp()[pri:0, instance:HeaderSectionTest@10feca44]" started-at="2024-01-29T18:20:48 IST" name="setUp" finished-at="2024-01-29T18:21:18 IST" duration-ms="30111" status="PASS">
          <reporter-output>
          </reporter-output>
        </test-method> <!-- setUp -->
        <test-method signature="testNavigationToHomePage()[pri:3, instance:HeaderSectionTest@10feca44]" started-at="2024-01-29T18:21:18 IST" name="testNavigationToHomePage" finished-at="2024-01-29T18:21:18 IST" duration-ms="355" status="PASS">
          <reporter-output>
          </reporter-output>
        </test-method> <!-- testNavigationToHomePage -->
        <test-method is-config="true" signature="tearDown()[pri:0, instance:HeaderSectionTest@10feca44]" started-at="2024-01-29T18:21:18 IST" name="tearDown" finished-at="2024-01-29T18:21:24 IST" duration-ms="5838" status="PASS">
          <reporter-output>
          </reporter-output>
        </test-method> <!-- tearDown -->
        <test-method is-config="true" signature="setUp()[pri:0, instance:HeaderSectionTest@10feca44]" started-at="2024-01-29T18:21:24 IST" name="setUp" finished-at="2024-01-29T18:21:42 IST" duration-ms="18333" status="PASS">
          <reporter-output>
          </reporter-output>
        </test-method> <!-- setUp -->
        <test-method signature="testNavigationToSearchBtn()[pri:4, instance:HeaderSectionTest@10feca44]" started-at="2024-01-29T18:21:42 IST" name="testNavigationToSearchBtn" finished-at="2024-01-29T18:21:45 IST" duration-ms="2129" status="PASS">
          <reporter-output>
          </reporter-output>
        </test-method> <!-- testNavigationToSearchBtn -->
        <test-method is-config="true" signature="tearDown()[pri:0, instance:HeaderSectionTest@10feca44]" started-at="2024-01-29T18:21:45 IST" name="tearDown" finished-at="2024-01-29T18:21:46 IST" duration-ms="1170" status="PASS">
          <reporter-output>
          </reporter-output>
        </test-method> <!-- tearDown -->
        <test-method is-config="true" signature="setUp()[pri:0, instance:HeaderSectionTest@10feca44]" started-at="2024-01-29T18:21:46 IST" name="setUp" finished-at="2024-01-29T18:22:08 IST" duration-ms="22345" status="PASS">
          <reporter-output>
          </reporter-output>
        </test-method> <!-- setUp -->
        <test-method signature="testNavigationToAccountPage()[pri:5, instance:HeaderSectionTest@10feca44]" started-at="2024-01-29T18:22:08 IST" name="testNavigationToAccountPage" finished-at="2024-01-29T18:22:08 IST" duration-ms="283" status="PASS">
          <reporter-output>
          </reporter-output>
        </test-method> <!-- testNavigationToAccountPage -->
        <test-method is-config="true" signature="tearDown()[pri:0, instance:HeaderSectionTest@10feca44]" started-at="2024-01-29T18:22:08 IST" name="tearDown" finished-at="2024-01-29T18:22:09 IST" duration-ms="807" status="PASS">
          <reporter-output>
          </reporter-output>
        </test-method> <!-- tearDown -->
      </class> <!-- HeaderSectionTest -->
    </test> <!-- LoginAndHomePageTest -->
  </suite> <!-- MoviesAppTestSuite -->
</testng-results>
