<?xml version="1.0" encoding="UTF-8"?>
<!-- Generated by org.testng.reporters.JUnitXMLReporter -->
<testsuite ignored="0" hostname="LAPTOP-3V74QIF1" failures="0" tests="26" name="LoginAndHomePageTest" time="423.365" errors="0" timestamp="2024-01-29T18:25:30 IST">
  <testcase classname="HeaderSectionTest" name="checkHeaderSectionUI" time="0.96"/>
  <testcase classname="PopularPageTest" name="testPopularPageUI" time="1.123"/>
  <testcase classname="HeaderSectionTest" name="testNavigationToPopularPage" time="0.456"/>
  <testcase classname="AccountPageTest" name="testAccountPageUI" time="1.023"/>
  <testcase classname="HeaderSectionTest" name="testNavigationToHomePage" time="0.355"/>
  <testcase classname="AccountPageTest" name="testLogoutBtnFunctionality" time="0.667"/>
  <testcase classname="HomePageTest" name="testHeadingTexts" time="0.246"/>
  <testcase classname="HeaderSectionTest" name="testNavigationToSearchBtn" time="2.129"/>
  <testcase classname="HomePageTest" name="testPlayButton" time="1.482"/>
  <testcase classname="HeaderSectionTest" name="testNavigationToAccountPage" time="0.283"/>
  <testcase classname="MovieDetailsPageTest" name="testMovieDetailsHomePage" time="6.382"/>
  <testcase classname="HomePageTest" name="testMoviesDisplay" time="10.643"/>
  <testcase classname="HomePageTest" name="testContactSection" time="0.365"/>
  <testcase classname="MovieDetailsPageTest" name="testMovieDetailsPopularPage" time="9.143"/>
  <testcase classname="LoginPageTest" name="testloginPageUI" time="0.229"/>
  <testcase classname="SearchPageTest" name="testSearchFunctionality" time="2.086"/>
  <testcase classname="LoginPageTest" name="testLoginWithEmptyInputs" time="0.829"/>
  <testcase classname="SearchPageTest" name="testSearchFunctionality" time="2.482"/>
  <testcase classname="LoginPageTest" name="testLoginWithEmptyUserName" time="3.067"/>
  <testcase classname="LoginPageTest" name="testLoginWithEmptyPassword" time="1.272"/>
  <testcase classname="SearchPageTest" name="testSearchFunctionality" time="2.744"/>
  <testcase classname="LoginPageTest" name="testLoginWithInvalidCredentials" time="4.03"/>
  <testcase classname="SearchPageTest" name="testSearchFunctionality" time="1.989"/>
  <testcase classname="LoginPageTest" name="testLoginWithValidCredentials" time="3.798"/>
  <testcase classname="SearchPageTest" name="testSearchFunctionality" time="2.476"/>
  <testcase classname="SearchPageTest" name="testMoviesNotFound" time="2.651"/>
</testsuite> <!-- LoginAndHomePageTest -->
